<?xml version="1.0" encoding="UTF-8"?>
<robot generator="Robot 4.0.1 (Python 3.9.4 on win32)" generated="20210420 16:32:53.144" rpa="false" schemaversion="2">
<suite id="s1" name="demostration-CMS" source="C:\Users\Alejandro\Desktop\demostrationEngage360\demostration-CMS.robot">
<test id="s1-t1" name="PR001 First Test Capture of Dining for Sabinas Community">
<kw name="Open Browser" library="SeleniumLibrary">
<arg>http://dev.www.engage360.evacompute.com:8080/</arg>
<arg>Chrome</arg>
<doc>Opens a new browser instance to the optional ``url``.</doc>
<msg timestamp="20210420 16:32:53.298" level="INFO">Opening browser 'Chrome' to base url 'http://dev.www.engage360.evacompute.com:8080/'.</msg>
<status status="PASS" starttime="20210420 16:32:53.298" endtime="20210420 16:32:56.840"/>
</kw>
<kw name="Set Selenium Speed" library="SeleniumLibrary">
<arg>0.3 seconds</arg>
<doc>Sets the delay that is waited after each Selenium command.</doc>
<status status="PASS" starttime="20210420 16:32:56.840" endtime="20210420 16:32:56.840"/>
</kw>
<kw name="Wait Until Element Is Visible" library="SeleniumLibrary">
<arg>xpath=/html/body/div/div[1]/div[1]</arg>
<doc>Waits until the element ``locator`` is visible.</doc>
<msg timestamp="20210420 16:32:57.886" level="INFO">Suppressing StaleElementReferenceException from Selenium.</msg>
<status status="PASS" starttime="20210420 16:32:56.841" endtime="20210420 16:32:58.718"/>
</kw>
<kw name="Title Should Be" library="SeleniumLibrary">
<arg>Log in to ENGAGE360</arg>
<doc>Verifies that the current page title equals ``title``.</doc>
<msg timestamp="20210420 16:32:59.034" level="INFO">Page title is 'Log in to ENGAGE360'.</msg>
<status status="PASS" starttime="20210420 16:32:58.718" endtime="20210420 16:32:59.034"/>
</kw>
<kw name="Click Button" library="SeleniumLibrary">
<arg>xpath=/html/body/div/div[2]/div/div/div[1]/div/form/div[1]/input</arg>
<doc>Clicks the button identified by ``locator``.</doc>
<msg timestamp="20210420 16:32:59.034" level="INFO">Clicking button 'xpath=/html/body/div/div[2]/div/div/div[1]/div/form/div[1]/input'.</msg>
<status status="PASS" starttime="20210420 16:32:59.034" endtime="20210420 16:32:59.974"/>
</kw>
<kw name="Input Text" library="SeleniumLibrary">
<arg>xpath=/html/body/div/div[2]/div/div/div[1]/div/form/div[1]/input</arg>
<arg>arturo</arg>
<doc>Types the given ``text`` into the text field identified by ``locator``.</doc>
<msg timestamp="20210420 16:32:59.974" level="INFO">Typing text 'arturo' into text field 'xpath=/html/body/div/div[2]/div/div/div[1]/div/form/div[1]/input'.</msg>
<status status="PASS" starttime="20210420 16:32:59.974" endtime="20210420 16:33:00.915"/>
</kw>
<kw name="Click Button" library="SeleniumLibrary">
<arg>xpath=/html/body/div/div[2]/div/div/div[1]/div/form/div[2]/input</arg>
<doc>Clicks the button identified by ``locator``.</doc>
<msg timestamp="20210420 16:33:00.915" level="INFO">Clicking button 'xpath=/html/body/div/div[2]/div/div/div[1]/div/form/div[2]/input'.</msg>
<status status="PASS" starttime="20210420 16:33:00.915" endtime="20210420 16:33:01.849"/>
</kw>
<kw name="Input Text" library="SeleniumLibrary">
<arg>xpath=/html/body/div/div[2]/div/div/div[1]/div/form/div[2]/input</arg>
<arg>Sabinas1@</arg>
<doc>Types the given ``text`` into the text field identified by ``locator``.</doc>
<msg timestamp="20210420 16:33:01.849" level="INFO">Typing text 'Sabinas1@' into text field 'xpath=/html/body/div/div[2]/div/div/div[1]/div/form/div[2]/input'.</msg>
<status status="PASS" starttime="20210420 16:33:01.849" endtime="20210420 16:33:02.820"/>
</kw>
<kw name="Set Focus To Element" library="SeleniumLibrary">
<arg>xpath=/html/body/div/div[2]/div/div/div[1]/div/form/div[4]/input</arg>
<doc>Sets the focus to the element identified by ``locator``.</doc>
<status status="PASS" starttime="20210420 16:33:02.820" endtime="20210420 16:33:03.437"/>
</kw>
<kw name="Click Element" library="SeleniumLibrary">
<arg>xpath=/html/body/div/div[2]/div/div/div[1]/div/form/div[4]/input</arg>
<doc>Click the element identified by ``locator``.</doc>
<msg timestamp="20210420 16:33:03.437" level="INFO">Clicking element 'xpath=/html/body/div/div[2]/div/div/div[1]/div/form/div[4]/input'.</msg>
<status status="PASS" starttime="20210420 16:33:03.437" endtime="20210420 16:33:05.693"/>
</kw>
<kw name="Switch Window" library="SeleniumLibrary">
<arg>url=http://dev.www.engage360.evacompute.com:8080/dashboard</arg>
<doc>Switches to browser window matching ``locator``.</doc>
<status status="PASS" starttime="20210420 16:33:05.694" endtime="20210420 16:33:08.146"/>
</kw>
<kw name="Set Focus To Element" library="SeleniumLibrary">
<arg>xpath=/html/body/div[1]/div[1]/div/div/div/div/div/nav/div[4]/a/div/p</arg>
<doc>Sets the focus to the element identified by ``locator``.</doc>
<status status="PASS" starttime="20210420 16:33:08.146" endtime="20210420 16:33:08.763"/>
</kw>
<kw name="Click Element" library="SeleniumLibrary">
<arg>xpath=/html/body/div[1]/div[1]/div/div/div/div/div/nav/div[4]/a/div/p</arg>
<doc>Click the element identified by ``locator``.</doc>
<msg timestamp="20210420 16:33:08.763" level="INFO">Clicking element 'xpath=/html/body/div[1]/div[1]/div/div/div/div/div/nav/div[4]/a/div/p'.</msg>
<status status="PASS" starttime="20210420 16:33:08.763" endtime="20210420 16:33:09.444"/>
</kw>
<kw name="Set Focus To Element" library="SeleniumLibrary">
<arg>xpath=//*[@id="root"]/div[1]/div/div/header/div/div/div[2]/div/div/div</arg>
<doc>Sets the focus to the element identified by ``locator``.</doc>
<status status="PASS" starttime="20210420 16:33:09.444" endtime="20210420 16:33:10.159"/>
</kw>
<kw name="Click Element" library="SeleniumLibrary">
<arg>xpath=//*[@id="root"]/div[1]/div/div/header/div/div/div[2]/div/div/div</arg>
<doc>Click the element identified by ``locator``.</doc>
<msg timestamp="20210420 16:33:10.159" level="INFO">Clicking element 'xpath=//*[@id="root"]/div[1]/div/div/header/div/div/div[2]/div/div/div'.</msg>
<status status="PASS" starttime="20210420 16:33:10.159" endtime="20210420 16:33:10.940"/>
</kw>
<kw name="Click Element" library="SeleniumLibrary">
<arg>xpath=/html/body/div[1]/div[1]/div/div/main/div[2]/main/div/div/form/div[2]/div/div[1]/div/div/div/div[2]/div/div/input</arg>
<doc>Click the element identified by ``locator``.</doc>
<msg timestamp="20210420 16:33:10.941" level="INFO">Clicking element 'xpath=/html/body/div[1]/div[1]/div/div/main/div[2]/main/div/div/form/div[2]/div/div[1]/div/div/div/div[2]/div/div/input'.</msg>
<status status="PASS" starttime="20210420 16:33:10.940" endtime="20210420 16:33:11.635"/>
</kw>
<kw name="Input Text" library="SeleniumLibrary">
<arg>xpath=/html/body/div[1]/div[1]/div/div/main/div[2]/main/div/div/form/div[2]/div/div[1]/div/div/div/div[2]/div/div/input</arg>
<arg>Salad Mixed</arg>
<doc>Types the given ``text`` into the text field identified by ``locator``.</doc>
<msg timestamp="20210420 16:33:11.635" level="INFO">Typing text 'Salad Mixed' into text field 'xpath=/html/body/div[1]/div[1]/div/div/main/div[2]/main/div/div/form/div[2]/div/div[1]/div/div/div/div[2]/div/div/input'.</msg>
<status status="PASS" starttime="20210420 16:33:11.635" endtime="20210420 16:33:12.856"/>
</kw>
<kw name="Click Element" library="SeleniumLibrary">
<arg>xpath=/html/body/div[1]/div[1]/div/div/main/div[2]/main/div/div/form/div[2]/div/div[1]/div/div/div/div[3]/div/div/textarea</arg>
<doc>Click the element identified by ``locator``.</doc>
<msg timestamp="20210420 16:33:12.856" level="INFO">Clicking element 'xpath=/html/body/div[1]/div[1]/div/div/main/div[2]/main/div/div/form/div[2]/div/div[1]/div/div/div/div[3]/div/div/textarea'.</msg>
<status status="PASS" starttime="20210420 16:33:12.856" endtime="20210420 16:33:13.560"/>
</kw>
<kw name="Input Text" library="SeleniumLibrary">
<arg>xpath=/html/body/div[1]/div[1]/div/div/main/div[2]/main/div/div/form/div[2]/div/div[1]/div/div/div/div[3]/div/div/textarea</arg>
<arg>with Iceberg and Spring Mix with Grape</arg>
<doc>Types the given ``text`` into the text field identified by ``locator``.</doc>
<msg timestamp="20210420 16:33:13.560" level="INFO">Typing text 'with Iceberg and Spring Mix with Grape' into text field 'xpath=/html/body/div[1]/div[1]/div/div/main/div[2]/main/div/div/form/div[2]/div/div[1]/div/div/div/div[3]/div/div/textarea'.</msg>
<status status="PASS" starttime="20210420 16:33:13.560" endtime="20210420 16:33:15.408"/>
</kw>
<kw name="Click Button" library="SeleniumLibrary">
<arg>xpath=/html/body/div[1]/div[1]/div/div/main/div[2]/main/div/div/form/div[2]/div/div[1]/div/div/div/div[4]/div/div/div/div/div/button</arg>
<doc>Clicks the button identified by ``locator``.</doc>
<msg timestamp="20210420 16:33:15.410" level="INFO">Clicking button 'xpath=/html/body/div[1]/div[1]/div/div/main/div[2]/main/div/div/form/div[2]/div/div[1]/div/div/div/div[4]/div/div/div/div/div/button'.</msg>
<status status="PASS" starttime="20210420 16:33:15.408" endtime="20210420 16:33:17.066"/>
</kw>
<kw name="Double Click Element" library="SeleniumLibrary">
<arg>xpath=/html/body/div[1]/div[1]/div/div/main/div[2]/main/div/div/form/div[2]/div/div[1]/div/div/div/div[4]/div/div/div/div/div/button</arg>
<doc>Double clicks the element identified by ``locator``.</doc>
<msg timestamp="20210420 16:33:17.066" level="INFO">Double clicking element 'xpath=/html/body/div[1]/div[1]/div/div/main/div[2]/main/div/div/form/div[2]/div/div[1]/div/div/div/div[4]/div/div/div/div/div/button'.</msg>
<status status="PASS" starttime="20210420 16:33:17.066" endtime="20210420 16:33:17.995"/>
</kw>
<kw name="Click Button" library="SeleniumLibrary">
<arg>xpath=//*[@id="root"]/div[1]/div/div/main/div[2]/main/div/div/form/div[2]/div/div[2]/div/div[1]/div/div/div/div[1]/div/div/div[2]/div/div/input</arg>
<doc>Clicks the button identified by ``locator``.</doc>
<msg timestamp="20210420 16:33:17.997" level="INFO">Clicking button 'xpath=//*[@id="root"]/div[1]/div/div/main/div[2]/main/div/div/form/div[2]/div/div[2]/div/div[1]/div/div/div/div[1]/div/div/div[2]/div/div/input'.</msg>
<status status="PASS" starttime="20210420 16:33:17.996" endtime="20210420 16:33:18.989"/>
</kw>
<kw name="Input Text" library="SeleniumLibrary">
<arg>xpath=//*[@id="root"]/div[1]/div/div/main/div[2]/main/div/div/form/div[2]/div/div[2]/div/div[1]/div/div/div/div[1]/div/div/div[2]/div/div/input</arg>
<arg>Bittersweet</arg>
<doc>Types the given ``text`` into the text field identified by ``locator``.</doc>
<msg timestamp="20210420 16:33:18.989" level="INFO">Typing text 'Bittersweet' into text field 'xpath=//*[@id="root"]/div[1]/div/div/main/div[2]/main/div/div/form/div[2]/div/div[2]/div/div[1]/div/div/div/div[1]/div/div/div[2]/div/div/input'.</msg>
<status status="PASS" starttime="20210420 16:33:18.989" endtime="20210420 16:33:20.291"/>
</kw>
<kw name="Double Click Element" library="SeleniumLibrary">
<arg>xpath=//*[@id="root"]/div[1]/div/div/main/div[2]/main/div/div/form/div[2]/div/div[2]/div/div[1]/div/div/div/div[1]/div/div/div[2]/div/div/input</arg>
<doc>Double clicks the element identified by ``locator``.</doc>
<msg timestamp="20210420 16:33:20.291" level="INFO">Double clicking element 'xpath=//*[@id="root"]/div[1]/div/div/main/div[2]/main/div/div/form/div[2]/div/div[2]/div/div[1]/div/div/div/div[1]/div/div/div[2]/div/div/input'.</msg>
<status status="PASS" starttime="20210420 16:33:20.291" endtime="20210420 16:33:21.194"/>
</kw>
<kw name="Wait Until Element Is Visible" library="SeleniumLibrary">
<arg>xpath=/html/body/div[1]/div[1]/div/div/main/div[2]/main/div/div/form/div[2]/div/div[2]/div/div[1]/div/div/div/div[2]/div/div/div/input</arg>
<doc>Waits until the element ``locator`` is visible.</doc>
<status status="PASS" starttime="20210420 16:33:21.194" endtime="20210420 16:33:21.811"/>
</kw>
<kw name="Click Element" library="SeleniumLibrary">
<arg>xpath=//*[@id="root"]/div[1]/div/div/main/div[2]/main/div/div/form/div[2]/div/div[2]/div/div[1]/div/div/div/div[2]</arg>
<doc>Click the element identified by ``locator``.</doc>
<msg timestamp="20210420 16:33:21.811" level="INFO">Clicking element 'xpath=//*[@id="root"]/div[1]/div/div/main/div[2]/main/div/div/form/div[2]/div/div[2]/div/div[1]/div/div/div/div[2]'.</msg>
<status status="PASS" starttime="20210420 16:33:21.811" endtime="20210420 16:33:22.481"/>
</kw>
<kw name="Click Button" library="SeleniumLibrary">
<arg>xpath=//*[@id="root"]/div[1]/div/div/main/div[2]/main/div/div/form/div[2]/div/div[2]/div/div[1]/div/div/div/div[2]/div/div/div/div/button[2]</arg>
<doc>Clicks the button identified by ``locator``.</doc>
<msg timestamp="20210420 16:33:22.481" level="INFO">Clicking button 'xpath=//*[@id="root"]/div[1]/div/div/main/div[2]/main/div/div/form/div[2]/div/div[2]/div/div[1]/div/div/div/div[2]/div/div/div/div/button[2]'.</msg>
<status status="PASS" starttime="20210420 16:33:22.481" endtime="20210420 16:33:24.034"/>
</kw>
<kw name="Set Focus To Element" library="SeleniumLibrary">
<arg>xpath=/html/body/div[1]/div[1]/div/div/main/div[2]/main/div/div/form/div[2]/div/div[2]/div/div[2]/div/div/div/div/div/div/div[2]/div</arg>
<doc>Sets the focus to the element identified by ``locator``.</doc>
<status status="PASS" starttime="20210420 16:33:24.034" endtime="20210420 16:33:24.648"/>
</kw>
<kw name="Wait Until Element Is Visible" library="SeleniumLibrary">
<arg>xpath=/html/body/div[1]/div[1]/div/div/main/div[2]/main/div/div/form/div[2]/div/div[2]/div/div[2]/div/div/div/div/div/div/div[2]/div</arg>
<doc>Waits until the element ``locator`` is visible.</doc>
<status status="PASS" starttime="20210420 16:33:24.648" endtime="20210420 16:33:25.285"/>
</kw>
<kw name="Set Focus To Element" library="SeleniumLibrary">
<arg>xpath=/html/body/div[1]/div[1]/div/div/header/div/div/div[2]/div/div/div[1]</arg>
<doc>Sets the focus to the element identified by ``locator``.</doc>
<status status="PASS" starttime="20210420 16:33:25.285" endtime="20210420 16:33:25.887"/>
</kw>
<kw name="Click Element" library="SeleniumLibrary">
<arg>xpath=/html/body/div[1]/div[1]/div/div/header/div/div/div[2]/div/div/div[1]</arg>
<doc>Click the element identified by ``locator``.</doc>
<msg timestamp="20210420 16:33:25.887" level="INFO">Clicking element 'xpath=/html/body/div[1]/div[1]/div/div/header/div/div/div[2]/div/div/div[1]'.</msg>
<status status="PASS" starttime="20210420 16:33:25.887" endtime="20210420 16:33:26.666"/>
</kw>
<kw name="Set Focus To Element" library="SeleniumLibrary">
<arg>xpath=/html/body/div[1]/div[1]/div/div/header/div/div/div[3]/div/div/img</arg>
<doc>Sets the focus to the element identified by ``locator``.</doc>
<status status="PASS" starttime="20210420 16:33:26.666" endtime="20210420 16:33:27.326"/>
</kw>
<kw name="Click Element" library="SeleniumLibrary">
<arg>xpath=/html/body/div[1]/div[1]/div/div/header/div/div/div[3]/div/div/img</arg>
<doc>Click the element identified by ``locator``.</doc>
<msg timestamp="20210420 16:33:27.328" level="INFO">Clicking element 'xpath=/html/body/div[1]/div[1]/div/div/header/div/div/div[3]/div/div/img'.</msg>
<status status="PASS" starttime="20210420 16:33:27.327" endtime="20210420 16:33:28.005"/>
</kw>
<kw name="Set Focus To Element" library="SeleniumLibrary">
<arg>xpath=//*[@id="menu-appbar"]/div[3]/ul/li</arg>
<doc>Sets the focus to the element identified by ``locator``.</doc>
<status status="PASS" starttime="20210420 16:33:28.005" endtime="20210420 16:33:28.619"/>
</kw>
<kw name="Click Element" library="SeleniumLibrary">
<arg>xpath=//*[@id="menu-appbar"]/div[3]/ul/li</arg>
<doc>Click the element identified by ``locator``.</doc>
<msg timestamp="20210420 16:33:28.619" level="INFO">Clicking element 'xpath=//*[@id="menu-appbar"]/div[3]/ul/li'.</msg>
<status status="PASS" starttime="20210420 16:33:28.619" endtime="20210420 16:33:30.791"/>
</kw>
<kw name="Close Browser" library="SeleniumLibrary">
<doc>Closes the current browser.</doc>
<status status="PASS" starttime="20210420 16:33:30.791" endtime="20210420 16:33:33.143"/>
</kw>
<status status="PASS" starttime="20210420 16:32:53.298" endtime="20210420 16:33:33.143"/>
</test>
<doc>demonstration of page Engage-360</doc>
<status status="PASS" starttime="20210420 16:32:53.144" endtime="20210420 16:33:33.143"/>
</suite>
<statistics>
<total>
<stat pass="1" fail="0" skip="0">All Tests</stat>
</total>
<tag>
</tag>
<suite>
<stat pass="1" fail="0" skip="0" id="s1" name="demostration-CMS">demostration-CMS</stat>
</suite>
</statistics>
<errors>
</errors>
</robot>
